INFO: [VRFC 10-2263] Analyzing Verilog file "C:/Users/Vatsal Melwani/EE/FPGA/Advent_of_Code_JS/Puzzle 4/part_1/part_1.srcs/sources_1/new/count_ones.v" into library xil_defaultlib
INFO: [VRFC 10-311] analyzing module count_ones
INFO: [VRFC 10-2263] Analyzing Verilog file "C:/Users/Vatsal Melwani/EE/FPGA/Advent_of_Code_JS/Puzzle 4/part_1/part_1.srcs/sources_1/new/count_ones_32.v" into library xil_defaultlib
INFO: [VRFC 10-311] analyzing module count_ones_32
INFO: [VRFC 10-2263] Analyzing Verilog file "C:/Users/Vatsal Melwani/EE/FPGA/Advent_of_Code_JS/Puzzle 4/part_1/part_1.srcs/sources_1/new/data_mux_4x1.v" into library xil_defaultlib
INFO: [VRFC 10-311] analyzing module data_mux_4x1
INFO: [VRFC 10-2263] Analyzing Verilog file "C:/Users/Vatsal Melwani/EE/FPGA/Advent_of_Code_JS/Puzzle 4/part_1/part_1.srcs/sources_1/new/puzzle4_part1.v" into library xil_defaultlib
INFO: [VRFC 10-311] analyzing module puzzle4_part1
WARNING: [VRFC 10-3380] identifier 'upper_row_data' is used before its declaration [C:/Users/Vatsal Melwani/EE/FPGA/Advent_of_Code_JS/Puzzle 4/part_1/part_1.srcs/sources_1/new/puzzle4_part1.v:106]
INFO: [VRFC 10-2263] Analyzing Verilog file "C:/Users/Vatsal Melwani/EE/FPGA/Advent_of_Code_JS/Puzzle 4/part_1/part_1.srcs/sources_1/new/ring_row_index.v" into library xil_defaultlib
INFO: [VRFC 10-311] analyzing module ring_row_index
WARNING: [VRFC 10-3380] identifier 'WORD_INDEX_BITS' is used before its declaration [C:/Users/Vatsal Melwani/EE/FPGA/Advent_of_Code_JS/Puzzle 4/part_1/part_1.srcs/sources_1/new/ring_row_index.v:32]
INFO: [VRFC 10-2263] Analyzing Verilog file "C:/Users/Vatsal Melwani/EE/FPGA/Advent_of_Code_JS/Puzzle 4/part_1/part_1.srcs/sources_1/new/row_reg.v" into library xil_defaultlib
INFO: [VRFC 10-311] analyzing module row_reg
WARNING: [VRFC 10-3380] identifier 'WORD_INDEX_BITS' is used before its declaration [C:/Users/Vatsal Melwani/EE/FPGA/Advent_of_Code_JS/Puzzle 4/part_1/part_1.srcs/sources_1/new/row_reg.v:35]
INFO: [VRFC 10-2263] Analyzing Verilog file "C:/Users/Vatsal Melwani/EE/FPGA/Advent_of_Code_JS/Puzzle 4/part_1/part_1.srcs/sources_1/new/word_index_counter.v" into library xil_defaultlib
INFO: [VRFC 10-311] analyzing module word_index_counter
WARNING: [VRFC 10-3380] identifier 'WORD_INDEX_BITS' is used before its declaration [C:/Users/Vatsal Melwani/EE/FPGA/Advent_of_Code_JS/Puzzle 4/part_1/part_1.srcs/sources_1/new/word_index_counter.v:30]
INFO: [VRFC 10-2263] Analyzing Verilog file "C:/Users/Vatsal Melwani/EE/FPGA/Advent_of_Code_JS/Puzzle 4/part_1/part_1.srcs/sim_1/new/tb_top.v" into library xil_defaultlib
INFO: [VRFC 10-311] analyzing module tb_top
